<?xml version="1.0" encoding="UTF-8"?>
<coverage generated="1702941230655" clover="3.2.0">
  <project timestamp="1702941230655" name="All files">
    <metrics statements="17" coveredstatements="17" conditionals="0" coveredconditionals="0" methods="3" coveredmethods="3" elements="20" coveredelements="20" complexity="0" loc="17" ncloc="17" packages="1" files="1" classes="1"/>
    <file name="CpfRegion.ts" path="/home/ebd/a_ebd/coder/dev-training/architect/domain-modeling/src/core/shared/value-objects/CpfRegion.ts">
      <metrics statements="17" coveredstatements="17" conditionals="0" coveredconditionals="0" methods="3" coveredmethods="3"/>
      <line num="1" count="1" type="stmt"/>
      <line num="2" count="1" type="stmt"/>
      <line num="16" count="10" type="stmt"/>
      <line num="17" count="10" type="stmt"/>
      <line num="20" count="1" type="stmt"/>
      <line num="21" count="1" type="stmt"/>
      <line num="22" count="1" type="stmt"/>
      <line num="24" count="1" type="stmt"/>
      <line num="25" count="1" type="stmt"/>
      <line num="26" count="1" type="stmt"/>
      <line num="27" count="1" type="stmt"/>
      <line num="28" count="1" type="stmt"/>
      <line num="29" count="1" type="stmt"/>
      <line num="30" count="1" type="stmt"/>
      <line num="33" count="27" type="stmt"/>
      <line num="37" count="27" type="stmt"/>
      <line num="38" count="27" type="stmt"/>
    </file>
  </project>
</coverage>
