{"/home/ebd/a_ebd/coder/dev-training/architect/ead/src/index.ts": {"path":"/home/ebd/a_ebd/coder/dev-training/architect/ead/src/index.ts","statementMap":{"0":{"start":{"line":2,"column":2},"end":{"line":2,"column":15}},"1":{"start":{"line":1,"column":0},"end":{"line":1,"column":16}}},"fnMap":{"0":{"name":"sum","decl":{"start":{"line":1,"column":16},"end":{"line":1,"column":19}},"loc":{"start":{"line":1,"column":40},"end":{"line":3,"column":1}}}},"branchMap":{},"s":{"0":1,"1":1},"f":{"0":1},"b":{}}
,"/home/ebd/a_ebd/coder/dev-training/architect/ead/src/core/person/Person.ts": {"path":"/home/ebd/a_ebd/coder/dev-training/architect/ead/src/core/person/Person.ts","statementMap":{"0":{"start":{"line":1,"column":0},"end":{"line":1,"column":46}},"1":{"start":{"line":2,"column":0},"end":{"line":2,"column":60}},"2":{"start":{"line":3,"column":0},"end":{"line":3,"column":64}},"3":{"start":{"line":15,"column":4},"end":{"line":15,"column":17}},"4":{"start":{"line":16,"column":4},"end":{"line":16,"column":34}},"5":{"start":{"line":17,"column":4},"end":{"line":17,"column":43}},"6":{"start":{"line":10,"column":0},"end":{"line":10,"column":21}}},"fnMap":{"0":{"name":"(anonymous_1)","decl":{"start":{"line":14,"column":2},"end":{"line":14,"column":14}},"loc":{"start":{"line":14,"column":32},"end":{"line":18,"column":3}}}},"branchMap":{},"s":{"0":1,"1":1,"2":1,"3":3,"4":3,"5":3,"6":1},"f":{"0":3},"b":{}}
,"/home/ebd/a_ebd/coder/dev-training/architect/ead/src/core/shared/entities/Entity.ts": {"path":"/home/ebd/a_ebd/coder/dev-training/architect/ead/src/core/shared/entities/Entity.ts","statementMap":{"0":{"start":{"line":1,"column":0},"end":{"line":1,"column":37}},"1":{"start":{"line":12,"column":4},"end":{"line":12,"column":31}},"2":{"start":{"line":13,"column":4},"end":{"line":13,"column":49}},"3":{"start":{"line":17,"column":4},"end":{"line":17,"column":40}},"4":{"start":{"line":21,"column":4},"end":{"line":21,"column":43}},"5":{"start":{"line":25,"column":4},"end":{"line":31,"column":6}},"6":{"start":{"line":7,"column":0},"end":{"line":7,"column":30}}},"fnMap":{"0":{"name":"(anonymous_1)","decl":{"start":{"line":11,"column":2},"end":{"line":11,"column":14}},"loc":{"start":{"line":11,"column":22},"end":{"line":14,"column":3}}},"1":{"name":"(anonymous_2)","decl":{"start":{"line":16,"column":2},"end":{"line":16,"column":10}},"loc":{"start":{"line":16,"column":31},"end":{"line":18,"column":3}}},"2":{"name":"(anonymous_3)","decl":{"start":{"line":20,"column":2},"end":{"line":20,"column":13}},"loc":{"start":{"line":20,"column":34},"end":{"line":22,"column":3}}},"3":{"name":"(anonymous_4)","decl":{"start":{"line":24,"column":2},"end":{"line":24,"column":7}},"loc":{"start":{"line":24,"column":39},"end":{"line":32,"column":3}}}},"branchMap":{"0":{"loc":{"start":{"line":17,"column":28},"end":{"line":17,"column":38}},"type":"cond-expr","locations":[{"start":{"line":17,"column":34},"end":{"line":17,"column":36}},{"start":{"line":17,"column":28},"end":{"line":17,"column":38}}]},"1":{"loc":{"start":{"line":17,"column":28},"end":{"line":17,"column":36}},"type":"binary-expr","locations":[{"start":{"line":17,"column":28},"end":{"line":17,"column":36}},{"start":{"line":17,"column":28},"end":{"line":17,"column":36}}]},"2":{"loc":{"start":{"line":21,"column":31},"end":{"line":21,"column":41}},"type":"cond-expr","locations":[{"start":{"line":21,"column":37},"end":{"line":21,"column":39}},{"start":{"line":21,"column":31},"end":{"line":21,"column":41}}]},"3":{"loc":{"start":{"line":21,"column":31},"end":{"line":21,"column":39}},"type":"binary-expr","locations":[{"start":{"line":21,"column":31},"end":{"line":21,"column":39}},{"start":{"line":21,"column":31},"end":{"line":21,"column":39}}]}},"s":{"0":2,"1":11,"2":11,"3":2,"4":2,"5":3,"6":2},"f":{"0":11,"1":2,"2":2,"3":3},"b":{"0":[1,1],"1":[2,2],"2":[1,1],"3":[2,2]}}
,"/home/ebd/a_ebd/coder/dev-training/architect/ead/src/core/shared/value-objects/Cpf.ts": {"path":"/home/ebd/a_ebd/coder/dev-training/architect/ead/src/core/shared/value-objects/Cpf.ts","statementMap":{"0":{"start":{"line":5,"column":4},"end":{"line":5,"column":23}},"1":{"start":{"line":7,"column":4},"end":{"line":7,"column":57}},"2":{"start":{"line":7,"column":25},"end":{"line":7,"column":57}},"3":{"start":{"line":11,"column":4},"end":{"line":14,"column":6}},"4":{"start":{"line":18,"column":4},"end":{"line":20,"column":5}},"5":{"start":{"line":19,"column":6},"end":{"line":19,"column":19}},"6":{"start":{"line":22,"column":19},"end":{"line":22,"column":39}},"7":{"start":{"line":23,"column":28},"end":{"line":23,"column":46}},"8":{"start":{"line":24,"column":28},"end":{"line":24,"column":37}},"9":{"start":{"line":26,"column":27},"end":{"line":26,"column":46}},"10":{"start":{"line":27,"column":29},"end":{"line":27,"column":39}},"11":{"start":{"line":29,"column":28},"end":{"line":31,"column":null}},"12":{"start":{"line":33,"column":28},"end":{"line":35,"column":null}},"13":{"start":{"line":38,"column":4},"end":{"line":38,"column":46}},"14":{"start":{"line":42,"column":4},"end":{"line":44,"column":5}},"15":{"start":{"line":43,"column":6},"end":{"line":43,"column":19}},"16":{"start":{"line":46,"column":20},"end":{"line":46,"column":49}},"17":{"start":{"line":47,"column":4},"end":{"line":47,"column":33}},"18":{"start":{"line":51,"column":20},"end":{"line":51,"column":49}},"19":{"start":{"line":52,"column":4},"end":{"line":52,"column":29}},"20":{"start":{"line":59,"column":20},"end":{"line":59,"column":48}},"21":{"start":{"line":60,"column":18},"end":{"line":62,"column":null}},"22":{"start":{"line":61,"column":25},"end":{"line":61,"column":50}},"23":{"start":{"line":65,"column":22},"end":{"line":65,"column":32}},"24":{"start":{"line":66,"column":34},"end":{"line":66,"column":68}},"25":{"start":{"line":68,"column":4},"end":{"line":68,"column":44}},"26":{"start":{"line":1,"column":0},"end":{"line":1,"column":21}}},"fnMap":{"0":{"name":"(anonymous_0)","decl":{"start":{"line":4,"column":2},"end":{"line":4,"column":14}},"loc":{"start":{"line":4,"column":27},"end":{"line":8,"column":3}}},"1":{"name":"(anonymous_1)","decl":{"start":{"line":10,"column":2},"end":{"line":10,"column":6}},"loc":{"start":{"line":10,"column":12},"end":{"line":15,"column":3}}},"2":{"name":"(anonymous_2)","decl":{"start":{"line":17,"column":10},"end":{"line":17,"column":17}},"loc":{"start":{"line":17,"column":17},"end":{"line":39,"column":3}}},"3":{"name":"(anonymous_3)","decl":{"start":{"line":41,"column":10},"end":{"line":41,"column":26}},"loc":{"start":{"line":41,"column":26},"end":{"line":48,"column":3}}},"4":{"name":"(anonymous_4)","decl":{"start":{"line":50,"column":10},"end":{"line":50,"column":23}},"loc":{"start":{"line":50,"column":23},"end":{"line":53,"column":3}}},"5":{"name":"(anonymous_5)","decl":{"start":{"line":55,"column":10},"end":{"line":55,"column":16}},"loc":{"start":{"line":57,"column":17},"end":{"line":69,"column":3}}},"6":{"name":"(anonymous_6)","decl":{"start":{"line":61,"column":6},"end":{"line":61,"column":7}},"loc":{"start":{"line":61,"column":25},"end":{"line":61,"column":50}}}},"branchMap":{"0":{"loc":{"start":{"line":7,"column":4},"end":{"line":7,"column":57}},"type":"if","locations":[{"start":{"line":7,"column":4},"end":{"line":7,"column":57}}]},"1":{"loc":{"start":{"line":18,"column":4},"end":{"line":20,"column":5}},"type":"if","locations":[{"start":{"line":18,"column":4},"end":{"line":20,"column":5}}]},"2":{"loc":{"start":{"line":38,"column":11},"end":{"line":38,"column":45}},"type":"binary-expr","locations":[{"start":{"line":38,"column":11},"end":{"line":38,"column":26}},{"start":{"line":38,"column":30},"end":{"line":38,"column":45}}]},"3":{"loc":{"start":{"line":42,"column":4},"end":{"line":44,"column":5}},"type":"if","locations":[{"start":{"line":42,"column":4},"end":{"line":44,"column":5}}]},"4":{"loc":{"start":{"line":66,"column":34},"end":{"line":66,"column":68}},"type":"cond-expr","locations":[{"start":{"line":66,"column":50},"end":{"line":66,"column":51}},{"start":{"line":66,"column":54},"end":{"line":66,"column":68}}]}},"s":{"0":7,"1":7,"2":3,"3":1,"4":7,"5":2,"6":5,"7":5,"8":5,"9":5,"10":5,"11":5,"12":5,"13":5,"14":7,"15":1,"16":6,"17":6,"18":5,"19":5,"20":10,"21":10,"22":90,"23":10,"24":10,"25":10,"26":2},"f":{"0":7,"1":1,"2":7,"3":7,"4":5,"5":10,"6":90},"b":{"0":[3],"1":[2],"2":[5,4],"3":[1],"4":[1,9]}}
,"/home/ebd/a_ebd/coder/dev-training/architect/ead/src/core/shared/value-objects/CpfRegion.ts": {"path":"/home/ebd/a_ebd/coder/dev-training/architect/ead/src/core/shared/value-objects/CpfRegion.ts","statementMap":{"0":{"start":{"line":16,"column":13},"end":{"line":16,"column":25}},"1":{"start":{"line":17,"column":13},"end":{"line":17,"column":29}},"2":{"start":{"line":33,"column":4},"end":{"line":33,"column":44}},"3":{"start":{"line":37,"column":23},"end":{"line":37,"column":49}},"4":{"start":{"line":38,"column":4},"end":{"line":38,"column":44}},"5":{"start":{"line":2,"column":18},"end":{"line":13,"column":4}},"6":{"start":{"line":20,"column":18},"end":{"line":20,"column":58}},"7":{"start":{"line":21,"column":18},"end":{"line":21,"column":70}},"8":{"start":{"line":22,"column":18},"end":{"line":23,"column":28}},"9":{"start":{"line":24,"column":18},"end":{"line":24,"column":64}},"10":{"start":{"line":25,"column":18},"end":{"line":25,"column":67}},"11":{"start":{"line":26,"column":18},"end":{"line":26,"column":61}},"12":{"start":{"line":27,"column":18},"end":{"line":27,"column":58}},"13":{"start":{"line":28,"column":18},"end":{"line":28,"column":61}},"14":{"start":{"line":29,"column":18},"end":{"line":29,"column":58}},"15":{"start":{"line":30,"column":18},"end":{"line":30,"column":61}},"16":{"start":{"line":1,"column":21},"end":{"line":1,"column":null}}},"fnMap":{"0":{"name":"(anonymous_0)","decl":{"start":{"line":15,"column":2},"end":{"line":15,"column":null}},"loc":{"start":{"line":17,"column":29},"end":{"line":18,"column":6}}},"1":{"name":"(anonymous_1)","decl":{"start":{"line":32,"column":2},"end":{"line":32,"column":8}},"loc":{"start":{"line":32,"column":37},"end":{"line":34,"column":3}}},"2":{"name":"(anonymous_2)","decl":{"start":{"line":36,"column":2},"end":{"line":36,"column":8}},"loc":{"start":{"line":36,"column":29},"end":{"line":39,"column":3}}}},"branchMap":{},"s":{"0":10,"1":10,"2":27,"3":27,"4":27,"5":1,"6":1,"7":1,"8":1,"9":1,"10":1,"11":1,"12":1,"13":1,"14":1,"15":1,"16":1},"f":{"0":10,"1":27,"2":27},"b":{}}
,"/home/ebd/a_ebd/coder/dev-training/architect/ead/src/core/shared/value-objects/Id.ts": {"path":"/home/ebd/a_ebd/coder/dev-training/architect/ead/src/core/shared/value-objects/Id.ts","statementMap":{"0":{"start":{"line":1,"column":0},"end":{"line":1,"column":44}},"1":{"start":{"line":7,"column":4},"end":{"line":7,"column":33}},"2":{"start":{"line":9,"column":4},"end":{"line":9,"column":62}},"3":{"start":{"line":9,"column":31},"end":{"line":9,"column":62}},"4":{"start":{"line":13,"column":4},"end":{"line":13,"column":41}},"5":{"start":{"line":17,"column":4},"end":{"line":17,"column":41}},"6":{"start":{"line":3,"column":0},"end":{"line":3,"column":21}}},"fnMap":{"0":{"name":"(anonymous_0)","decl":{"start":{"line":6,"column":2},"end":{"line":6,"column":14}},"loc":{"start":{"line":6,"column":28},"end":{"line":10,"column":3}}},"1":{"name":"(anonymous_1)","decl":{"start":{"line":12,"column":2},"end":{"line":12,"column":10}},"loc":{"start":{"line":12,"column":22},"end":{"line":14,"column":3}}},"2":{"name":"(anonymous_2)","decl":{"start":{"line":16,"column":2},"end":{"line":16,"column":13}},"loc":{"start":{"line":16,"column":25},"end":{"line":18,"column":3}}}},"branchMap":{"0":{"loc":{"start":{"line":7,"column":17},"end":{"line":7,"column":32}},"type":"cond-expr","locations":[{"start":{"line":7,"column":17},"end":{"line":7,"column":22}},{"start":{"line":7,"column":26},"end":{"line":7,"column":32}}]},"1":{"loc":{"start":{"line":7,"column":17},"end":{"line":7,"column":26}},"type":"binary-expr","locations":[{"start":{"line":7,"column":17},"end":{"line":7,"column":26}},{"start":{"line":7,"column":17},"end":{"line":7,"column":26}}]},"2":{"loc":{"start":{"line":9,"column":4},"end":{"line":9,"column":62}},"type":"if","locations":[{"start":{"line":9,"column":4},"end":{"line":9,"column":62}}]},"3":{"loc":{"start":{"line":13,"column":26},"end":{"line":13,"column":40}},"type":"cond-expr","locations":[{"start":{"line":13,"column":33},"end":{"line":13,"column":35}},{"start":{"line":13,"column":26},"end":{"line":13,"column":40}}]},"4":{"loc":{"start":{"line":13,"column":26},"end":{"line":13,"column":35}},"type":"binary-expr","locations":[{"start":{"line":13,"column":26},"end":{"line":13,"column":35}},{"start":{"line":13,"column":26},"end":{"line":13,"column":35}}]},"5":{"loc":{"start":{"line":17,"column":26},"end":{"line":17,"column":40}},"type":"cond-expr","locations":[{"start":{"line":17,"column":33},"end":{"line":17,"column":35}},{"start":{"line":17,"column":26},"end":{"line":17,"column":40}}]},"6":{"loc":{"start":{"line":17,"column":26},"end":{"line":17,"column":35}},"type":"binary-expr","locations":[{"start":{"line":17,"column":26},"end":{"line":17,"column":35}},{"start":{"line":17,"column":26},"end":{"line":17,"column":35}}]}},"s":{"0":3,"1":20,"2":20,"3":1,"4":4,"5":3,"6":3},"f":{"0":20,"1":4,"2":3},"b":{"0":[8,12],"1":[20,20],"2":[1],"3":[2,2],"4":[4,4],"5":[1,2],"6":[3,3]}}
,"/home/ebd/a_ebd/coder/dev-training/architect/ead/src/core/shared/value-objects/PersonName.ts": {"path":"/home/ebd/a_ebd/coder/dev-training/architect/ead/src/core/shared/value-objects/PersonName.ts","statementMap":{"0":{"start":{"line":1,"column":0},"end":{"line":1,"column":54}},"1":{"start":{"line":7,"column":4},"end":{"line":7,"column":30}},"2":{"start":{"line":9,"column":19},"end":{"line":13,"column":null}},"3":{"start":{"line":16,"column":4},"end":{"line":16,"column":50}},"4":{"start":{"line":16,"column":16},"end":{"line":16,"column":50}},"5":{"start":{"line":20,"column":4},"end":{"line":20,"column":22}},"6":{"start":{"line":24,"column":18},"end":{"line":24,"column":39}},"7":{"start":{"line":25,"column":21},"end":{"line":25,"column":63}},"8":{"start":{"line":25,"column":41},"end":{"line":25,"column":62}},"9":{"start":{"line":26,"column":4},"end":{"line":26,"column":29}},"10":{"start":{"line":3,"column":0},"end":{"line":3,"column":21}}},"fnMap":{"0":{"name":"(anonymous_1)","decl":{"start":{"line":6,"column":2},"end":{"line":6,"column":14}},"loc":{"start":{"line":6,"column":27},"end":{"line":17,"column":3}}},"1":{"name":"(anonymous_2)","decl":{"start":{"line":19,"column":2},"end":{"line":19,"column":6}},"loc":{"start":{"line":19,"column":14},"end":{"line":21,"column":3}}},"2":{"name":"(anonymous_3)","decl":{"start":{"line":23,"column":2},"end":{"line":23,"column":6}},"loc":{"start":{"line":23,"column":14},"end":{"line":27,"column":3}}},"3":{"name":"(anonymous_4)","decl":{"start":{"line":25,"column":31},"end":{"line":25,"column":32}},"loc":{"start":{"line":25,"column":41},"end":{"line":25,"column":62}}}},"branchMap":{"0":{"loc":{"start":{"line":16,"column":4},"end":{"line":16,"column":50}},"type":"if","locations":[{"start":{"line":16,"column":4},"end":{"line":16,"column":50}}]}},"s":{"0":2,"1":9,"2":9,"3":9,"4":4,"5":6,"6":1,"7":1,"8":2,"9":1,"10":2},"f":{"0":9,"1":6,"2":1,"3":2},"b":{"0":[4]}}
,"/home/ebd/a_ebd/coder/dev-training/architect/ead/src/core/utils/Notifications/index.ts": {"path":"/home/ebd/a_ebd/coder/dev-training/architect/ead/src/core/utils/Notifications/index.ts","statementMap":{"0":{"start":{"line":2,"column":0},"end":{"line":2,"column":59}},"1":{"start":{"line":8,"column":25},"end":{"line":9,"column":null}},"2":{"start":{"line":9,"column":17},"end":{"line":9,"column":31}},"3":{"start":{"line":11,"column":4},"end":{"line":11,"column":57}},"4":{"start":{"line":18,"column":18},"end":{"line":18,"column":40}},"5":{"start":{"line":20,"column":6},"end":{"line":20,"column":61}},"6":{"start":{"line":21,"column":4},"end":{"line":21,"column":51}},"7":{"start":{"line":28,"column":4},"end":{"line":30,"column":13}},"8":{"start":{"line":37,"column":4},"end":{"line":37,"column":64}},"9":{"start":{"line":45,"column":25},"end":{"line":47,"column":null}},"10":{"start":{"line":49,"column":4},"end":{"line":49,"column":58}},"11":{"start":{"line":58,"column":6},"end":{"line":59,"column":66}},"12":{"start":{"line":60,"column":4},"end":{"line":60,"column":58}},"13":{"start":{"line":67,"column":18},"end":{"line":67,"column":68}},"14":{"start":{"line":68,"column":4},"end":{"line":68,"column":62}},"15":{"start":{"line":4,"column":0},"end":{"line":4,"column":21}}},"fnMap":{"0":{"name":"(anonymous_0)","decl":{"start":{"line":5,"column":2},"end":{"line":5,"column":8}},"loc":{"start":{"line":6,"column":32},"end":{"line":12,"column":3}}},"1":{"name":"(anonymous_1)","decl":{"start":{"line":9,"column":6},"end":{"line":9,"column":7}},"loc":{"start":{"line":9,"column":17},"end":{"line":9,"column":31}}},"2":{"name":"(anonymous_2)","decl":{"start":{"line":14,"column":2},"end":{"line":14,"column":8}},"loc":{"start":{"line":16,"column":31},"end":{"line":22,"column":3}}},"3":{"name":"(anonymous_3)","decl":{"start":{"line":24,"column":2},"end":{"line":24,"column":8}},"loc":{"start":{"line":26,"column":35},"end":{"line":31,"column":3}}},"4":{"name":"(anonymous_4)","decl":{"start":{"line":33,"column":2},"end":{"line":33,"column":8}},"loc":{"start":{"line":35,"column":32},"end":{"line":38,"column":3}}},"5":{"name":"(anonymous_5)","decl":{"start":{"line":40,"column":2},"end":{"line":40,"column":8}},"loc":{"start":{"line":43,"column":36},"end":{"line":50,"column":3}}},"6":{"name":"(anonymous_6)","decl":{"start":{"line":52,"column":2},"end":{"line":52,"column":8}},"loc":{"start":{"line":55,"column":31},"end":{"line":61,"column":3}}},"7":{"name":"(anonymous_7)","decl":{"start":{"line":63,"column":2},"end":{"line":63,"column":8}},"loc":{"start":{"line":65,"column":39},"end":{"line":69,"column":3}}}},"branchMap":{"0":{"loc":{"start":{"line":11,"column":11},"end":{"line":11,"column":56}},"type":"cond-expr","locations":[{"start":{"line":11,"column":37},"end":{"line":11,"column":49}},{"start":{"line":11,"column":52},"end":{"line":11,"column":56}}]},"1":{"loc":{"start":{"line":20,"column":6},"end":{"line":20,"column":61}},"type":"cond-expr","locations":[{"start":{"line":20,"column":6},"end":{"line":20,"column":24}},{"start":{"line":20,"column":28},"end":{"line":20,"column":61}}]},"2":{"loc":{"start":{"line":20,"column":6},"end":{"line":20,"column":28}},"type":"binary-expr","locations":[{"start":{"line":20,"column":6},"end":{"line":20,"column":28}},{"start":{"line":20,"column":6},"end":{"line":20,"column":28}}]},"3":{"loc":{"start":{"line":21,"column":11},"end":{"line":21,"column":50}},"type":"cond-expr","locations":[{"start":{"line":21,"column":31},"end":{"line":21,"column":35}},{"start":{"line":21,"column":38},"end":{"line":21,"column":50}}]},"4":{"loc":{"start":{"line":26,"column":4},"end":{"line":26,"column":35}},"type":"default-arg","locations":[{"start":{"line":26,"column":25},"end":{"line":26,"column":35}}]},"5":{"loc":{"start":{"line":28,"column":11},"end":{"line":30,"column":12}},"type":"cond-expr","locations":[{"start":{"line":29,"column":8},"end":{"line":29,"column":31}},{"start":{"line":30,"column":8},"end":{"line":30,"column":12}}]},"6":{"loc":{"start":{"line":28,"column":11},"end":{"line":28,"column":48}},"type":"binary-expr","locations":[{"start":{"line":28,"column":11},"end":{"line":28,"column":25}},{"start":{"line":28,"column":29},"end":{"line":28,"column":48}}]},"7":{"loc":{"start":{"line":35,"column":4},"end":{"line":35,"column":32}},"type":"default-arg","locations":[{"start":{"line":35,"column":25},"end":{"line":35,"column":32}}]},"8":{"loc":{"start":{"line":37,"column":11},"end":{"line":37,"column":63}},"type":"cond-expr","locations":[{"start":{"line":37,"column":33},"end":{"line":37,"column":56}},{"start":{"line":37,"column":59},"end":{"line":37,"column":63}}]},"9":{"loc":{"start":{"line":43,"column":4},"end":{"line":43,"column":36}},"type":"default-arg","locations":[{"start":{"line":43,"column":25},"end":{"line":43,"column":36}}]},"10":{"loc":{"start":{"line":49,"column":11},"end":{"line":49,"column":57}},"type":"cond-expr","locations":[{"start":{"line":49,"column":38},"end":{"line":49,"column":50}},{"start":{"line":49,"column":53},"end":{"line":49,"column":57}}]},"11":{"loc":{"start":{"line":58,"column":6},"end":{"line":59,"column":66}},"type":"cond-expr","locations":[{"start":{"line":58,"column":6},"end":{"line":58,"column":24}},{"start":{"line":59,"column":6},"end":{"line":59,"column":66}}]},"12":{"loc":{"start":{"line":58,"column":6},"end":{"line":58,"column":null}},"type":"binary-expr","locations":[{"start":{"line":58,"column":6},"end":{"line":58,"column":null}},{"start":{"line":58,"column":6},"end":{"line":58,"column":null}}]},"13":{"loc":{"start":{"line":60,"column":11},"end":{"line":60,"column":57}},"type":"cond-expr","locations":[{"start":{"line":60,"column":38},"end":{"line":60,"column":50}},{"start":{"line":60,"column":53},"end":{"line":60,"column":57}}]},"14":{"loc":{"start":{"line":65,"column":4},"end":{"line":65,"column":39}},"type":"default-arg","locations":[{"start":{"line":65,"column":25},"end":{"line":65,"column":39}}]},"15":{"loc":{"start":{"line":68,"column":11},"end":{"line":68,"column":61}},"type":"cond-expr","locations":[{"start":{"line":68,"column":31},"end":{"line":68,"column":35}},{"start":{"line":68,"column":38},"end":{"line":68,"column":61}}]}},"s":{"0":3,"1":11,"2":40,"3":11,"4":12,"5":12,"6":12,"7":2,"8":15,"9":11,"10":11,"11":12,"12":12,"13":2,"14":2,"15":3},"f":{"0":11,"1":40,"2":12,"3":2,"4":15,"5":11,"6":12,"7":2},"b":{"0":[5,6],"1":[1,11],"2":[12,12],"3":[8,4],"4":[2],"5":[1,1],"6":[2,1],"7":[15],"8":[3,12],"9":[11],"10":[3,8],"11":[1,11],"12":[12,12],"13":[3,9],"14":[2],"15":[1,1]}}
,"/home/ebd/a_ebd/coder/dev-training/architect/ead/src/core/utils/Notifications/constants/error-messages.ts": {"path":"/home/ebd/a_ebd/coder/dev-training/architect/ead/src/core/utils/Notifications/constants/error-messages.ts","statementMap":{"0":{"start":{"line":1,"column":13},"end":{"line":8,"column":2}}},"fnMap":{},"branchMap":{},"s":{"0":3},"f":{},"b":{}}
}
