{"/home/ebd/a_ebd/coder/dev-training/architect/domain-modeling/src/core/shared/value-objects/CpfRegion.ts": {"path":"/home/ebd/a_ebd/coder/dev-training/architect/domain-modeling/src/core/shared/value-objects/CpfRegion.ts","statementMap":{"0":{"start":{"line":16,"column":13},"end":{"line":16,"column":25}},"1":{"start":{"line":17,"column":13},"end":{"line":17,"column":29}},"2":{"start":{"line":33,"column":4},"end":{"line":33,"column":44}},"3":{"start":{"line":37,"column":23},"end":{"line":37,"column":49}},"4":{"start":{"line":38,"column":4},"end":{"line":38,"column":44}},"5":{"start":{"line":2,"column":18},"end":{"line":13,"column":4}},"6":{"start":{"line":20,"column":18},"end":{"line":20,"column":58}},"7":{"start":{"line":21,"column":18},"end":{"line":21,"column":70}},"8":{"start":{"line":22,"column":18},"end":{"line":23,"column":28}},"9":{"start":{"line":24,"column":18},"end":{"line":24,"column":64}},"10":{"start":{"line":25,"column":18},"end":{"line":25,"column":67}},"11":{"start":{"line":26,"column":18},"end":{"line":26,"column":61}},"12":{"start":{"line":27,"column":18},"end":{"line":27,"column":58}},"13":{"start":{"line":28,"column":18},"end":{"line":28,"column":61}},"14":{"start":{"line":29,"column":18},"end":{"line":29,"column":58}},"15":{"start":{"line":30,"column":18},"end":{"line":30,"column":61}},"16":{"start":{"line":1,"column":21},"end":{"line":1,"column":null}}},"fnMap":{"0":{"name":"(anonymous_0)","decl":{"start":{"line":15,"column":2},"end":{"line":15,"column":null}},"loc":{"start":{"line":17,"column":29},"end":{"line":18,"column":6}}},"1":{"name":"(anonymous_1)","decl":{"start":{"line":32,"column":2},"end":{"line":32,"column":8}},"loc":{"start":{"line":32,"column":37},"end":{"line":34,"column":3}}},"2":{"name":"(anonymous_2)","decl":{"start":{"line":36,"column":2},"end":{"line":36,"column":8}},"loc":{"start":{"line":36,"column":29},"end":{"line":39,"column":3}}}},"branchMap":{},"s":{"0":10,"1":10,"2":27,"3":27,"4":27,"5":1,"6":1,"7":1,"8":1,"9":1,"10":1,"11":1,"12":1,"13":1,"14":1,"15":1,"16":1},"f":{"0":10,"1":27,"2":27},"b":{}}
}
