TN:
SF:src/index.ts
FN:1,sum
FNF:1
FNH:1
FNDA:1,sum
DA:1,1
DA:2,1
LF:2
LH:2
BRF:0
BRH:0
end_of_record
TN:
SF:src/core/person/Person.ts
FN:14,(anonymous_1)
FNF:1
FNH:1
FNDA:3,(anonymous_1)
DA:1,1
DA:2,1
DA:3,1
DA:10,1
DA:15,3
DA:16,3
DA:17,3
LF:7
LH:7
BRF:0
BRH:0
end_of_record
TN:
SF:src/core/shared/entities/Entity.ts
FN:11,(anonymous_1)
FN:16,(anonymous_2)
FN:20,(anonymous_3)
FN:24,(anonymous_4)
FNF:4
FNH:4
FNDA:11,(anonymous_1)
FNDA:2,(anonymous_2)
FNDA:2,(anonymous_3)
FNDA:3,(anonymous_4)
DA:1,2
DA:7,2
DA:12,11
DA:13,11
DA:17,2
DA:21,2
DA:25,3
LF:7
LH:7
BRDA:17,0,0,1
BRDA:17,0,1,1
BRDA:17,1,0,2
BRDA:17,1,1,2
BRDA:21,2,0,1
BRDA:21,2,1,1
BRDA:21,3,0,2
BRDA:21,3,1,2
BRF:8
BRH:8
end_of_record
TN:
SF:src/core/shared/value-objects/Cpf.ts
FN:4,(anonymous_0)
FN:10,(anonymous_1)
FN:17,(anonymous_2)
FN:41,(anonymous_3)
FN:50,(anonymous_4)
FN:55,(anonymous_5)
FN:61,(anonymous_6)
FNF:7
FNH:7
FNDA:7,(anonymous_0)
FNDA:1,(anonymous_1)
FNDA:7,(anonymous_2)
FNDA:7,(anonymous_3)
FNDA:5,(anonymous_4)
FNDA:10,(anonymous_5)
FNDA:90,(anonymous_6)
DA:1,2
DA:5,7
DA:7,7
DA:11,1
DA:18,7
DA:19,2
DA:22,5
DA:23,5
DA:24,5
DA:26,5
DA:27,5
DA:29,5
DA:33,5
DA:38,5
DA:42,7
DA:43,1
DA:46,6
DA:47,6
DA:51,5
DA:52,5
DA:59,10
DA:60,10
DA:61,90
DA:65,10
DA:66,10
DA:68,10
LF:26
LH:26
BRDA:7,0,0,3
BRDA:18,1,0,2
BRDA:38,2,0,5
BRDA:38,2,1,4
BRDA:42,3,0,1
BRDA:66,4,0,1
BRDA:66,4,1,9
BRF:7
BRH:7
end_of_record
TN:
SF:src/core/shared/value-objects/CpfRegion.ts
FN:15,(anonymous_0)
FN:32,(anonymous_1)
FN:36,(anonymous_2)
FNF:3
FNH:3
FNDA:10,(anonymous_0)
FNDA:27,(anonymous_1)
FNDA:27,(anonymous_2)
DA:1,1
DA:2,1
DA:16,10
DA:17,10
DA:20,1
DA:21,1
DA:22,1
DA:24,1
DA:25,1
DA:26,1
DA:27,1
DA:28,1
DA:29,1
DA:30,1
DA:33,27
DA:37,27
DA:38,27
LF:17
LH:17
BRF:0
BRH:0
end_of_record
TN:
SF:src/core/shared/value-objects/Id.ts
FN:6,(anonymous_0)
FN:12,(anonymous_1)
FN:16,(anonymous_2)
FNF:3
FNH:3
FNDA:20,(anonymous_0)
FNDA:4,(anonymous_1)
FNDA:3,(anonymous_2)
DA:1,3
DA:3,3
DA:7,20
DA:9,20
DA:13,4
DA:17,3
LF:6
LH:6
BRDA:7,0,0,8
BRDA:7,0,1,12
BRDA:7,1,0,20
BRDA:7,1,1,20
BRDA:9,2,0,1
BRDA:13,3,0,2
BRDA:13,3,1,2
BRDA:13,4,0,4
BRDA:13,4,1,4
BRDA:17,5,0,1
BRDA:17,5,1,2
BRDA:17,6,0,3
BRDA:17,6,1,3
BRF:13
BRH:13
end_of_record
TN:
SF:src/core/shared/value-objects/PersonName.ts
FN:6,(anonymous_1)
FN:19,(anonymous_2)
FN:23,(anonymous_3)
FN:25,(anonymous_4)
FNF:4
FNH:4
FNDA:9,(anonymous_1)
FNDA:6,(anonymous_2)
FNDA:1,(anonymous_3)
FNDA:2,(anonymous_4)
DA:1,2
DA:3,2
DA:7,9
DA:9,9
DA:16,9
DA:20,6
DA:24,1
DA:25,2
DA:26,1
LF:9
LH:9
BRDA:16,0,0,4
BRF:1
BRH:1
end_of_record
TN:
SF:src/core/utils/Notifications/index.ts
FN:5,(anonymous_0)
FN:9,(anonymous_1)
FN:14,(anonymous_2)
FN:24,(anonymous_3)
FN:33,(anonymous_4)
FN:40,(anonymous_5)
FN:52,(anonymous_6)
FN:63,(anonymous_7)
FNF:8
FNH:8
FNDA:11,(anonymous_0)
FNDA:40,(anonymous_1)
FNDA:12,(anonymous_2)
FNDA:2,(anonymous_3)
FNDA:15,(anonymous_4)
FNDA:11,(anonymous_5)
FNDA:12,(anonymous_6)
FNDA:2,(anonymous_7)
DA:2,3
DA:4,3
DA:8,11
DA:9,40
DA:11,11
DA:18,12
DA:20,12
DA:21,12
DA:28,2
DA:37,15
DA:45,11
DA:49,11
DA:58,12
DA:60,12
DA:67,2
DA:68,2
LF:16
LH:16
BRDA:11,0,0,5
BRDA:11,0,1,6
BRDA:20,1,0,1
BRDA:20,1,1,11
BRDA:20,2,0,12
BRDA:20,2,1,12
BRDA:21,3,0,8
BRDA:21,3,1,4
BRDA:26,4,0,2
BRDA:28,5,0,1
BRDA:28,5,1,1
BRDA:28,6,0,2
BRDA:28,6,1,1
BRDA:35,7,0,15
BRDA:37,8,0,3
BRDA:37,8,1,12
BRDA:43,9,0,11
BRDA:49,10,0,3
BRDA:49,10,1,8
BRDA:58,11,0,1
BRDA:58,11,1,11
BRDA:58,12,0,12
BRDA:58,12,1,12
BRDA:60,13,0,3
BRDA:60,13,1,9
BRDA:65,14,0,2
BRDA:68,15,0,1
BRDA:68,15,1,1
BRF:28
BRH:28
end_of_record
TN:
SF:src/core/utils/Notifications/constants/error-messages.ts
FNF:0
FNH:0
DA:1,3
LF:1
LH:1
BRF:0
BRH:0
end_of_record
